*** Starting uWSGI 2.0.17.1 (64bit) on [Mon Oct 22 22:10:38 2018] ***
compiled with version: 4.8.5 20150623 (Red Hat 4.8.5-28) on 22 October 2018 12:35:44
os: Linux-3.10.0-862.14.4.el7.x86_64 #1 SMP Wed Sep 26 15:12:11 UTC 2018
nodename: Saber
machine: x86_64
clock source: unix
pcre jit disabled
detected number of CPU cores: 1
current working directory: /usr/local/myworld/mysite
detected binary path: /usr/local/myworld/py3/bin/uwsgi
uWSGI running as root, you can use --uid/--gid/--chroot options
*** WARNING: you are running uWSGI as root !!! (use the --uid flag) *** 
chdir() to /usr/local/myworld/mysite/
*** WARNING: you are running uWSGI without its master process manager ***
your processes number limit is 3866
your memory page size is 4096 bytes
detected max file descriptor number: 65535
lock engine: pthread robust mutexes
thunder lock: disabled (you can enable it with --thunder-lock)
uwsgi socket 0 bound to TCP address 127.0.0.1:8997 fd 3
uWSGI running as root, you can use --uid/--gid/--chroot options
*** WARNING: you are running uWSGI as root !!! (use the --uid flag) *** 
Python version: 3.7.0 (default, Oct 22 2018, 12:09:32)  [GCC 4.8.5 20150623 (Red Hat 4.8.5-28)]
*** Python threads support is disabled. You can enable it with --enable-threads ***
Python main interpreter initialized at 0x13d9130
uWSGI running as root, you can use --uid/--gid/--chroot options
*** WARNING: you are running uWSGI as root !!! (use the --uid flag) *** 
your server socket listen backlog is limited to 100 connections
your mercy for graceful operations on workers is 60 seconds
mapped 291680 bytes (284 KB) for 4 cores
*** Operational MODE: preforking ***
WSGI app 0 (mountpoint='') ready in 1 seconds on interpreter 0x13d9130 pid: 2249 (default app)
uWSGI running as root, you can use --uid/--gid/--chroot options
*** WARNING: you are running uWSGI as root !!! (use the --uid flag) *** 
*** uWSGI is running in multiple interpreter mode ***
spawned uWSGI worker 1 (pid: 2249, cores: 1)
spawned uWSGI worker 2 (pid: 2250, cores: 1)
spawned uWSGI worker 3 (pid: 2251, cores: 1)
spawned uWSGI worker 4 (pid: 2252, cores: 1)
Gracefully killing worker 1 (pid: 2249)...
Gracefully killing worker 2 (pid: 2250)...
Gracefully killing worker 4 (pid: 2252)...
Gracefully killing worker 3 (pid: 2251)...
